Cannot see: ../210927_mutrange2/config.js.tpl/Mitochondrialog.txt or it is empty
Cannot see: ../210927_mutrange2/intermediate_video_all_0.mp4/Mitochondrialog.txt or it is empty
Cannot see: ../210927_mutrange2/intermediate_video_all_12.mp4/Mitochondrialog.txt or it is empty
Cannot see: ../210927_mutrange2/intermediate_video_all_1.mp4/Mitochondrialog.txt or it is empty
Cannot see: ../210927_mutrange2/intermediate_video_all_14.mp4/Mitochondrialog.txt or it is empty
Cannot see: ../210927_mutrange2/intermediate_video_all_16.mp4/Mitochondrialog.txt or it is empty
Cannot see: ../210927_mutrange2/intermediate_video_all_13.mp4/Mitochondrialog.txt or it is empty
Cannot see: ../210927_mutrange2/intermediate_video_all_10.mp4/Mitochondrialog.txt or it is empty
Cannot see: ../210927_mutrange2/intermediate_video_all_17.mp4/Mitochondrialog.txt or it is empty
Cannot see: ../210927_mutrange2/intermediate_video_all_18.mp4/Mitochondrialog.txt or it is empty
Cannot see: ../210927_mutrange2/intermediate_video_all_2.mp4/Mitochondrialog.txt or it is empty
Cannot see: ../210927_mutrange2/intermediate_video_all_20.mp4/Mitochondrialog.txt or it is empty
Cannot see: ../210927_mutrange2/intermediate_video_all_21.mp4/Mitochondrialog.txt or it is empty
Cannot see: ../210927_mutrange2/intermediate_video_all_26.mp4/Mitochondrialog.txt or it is empty
Cannot see: ../210927_mutrange2/intermediate_video_all_28.mp4/Mitochondrialog.txt or it is empty
Cannot see: ../210927_mutrange2/intermediate_video_all_29.mp4/Mitochondrialog.txt or it is empty
Cannot see: ../210927_mutrange2/intermediate_video_all_30.mp4/Mitochondrialog.txt or it is empty
Cannot see: ../210927_mutrange2/intermediate_video_all_4.mp4/Mitochondrialog.txt or it is empty
Cannot see: ../210927_mutrange2/intermediate_video_all_5.mp4/Mitochondrialog.txt or it is empty
Cannot see: ../210927_mutrange2/intermediate_video_all_8.mp4/Mitochondrialog.txt or it is empty
Cannot see: ../210927_mutrange2/intermediate_video_all_9.mp4/Mitochondrialog.txt or it is empty
Cannot see: ../210927_mutrange2/intermediate_video_all_24.mp4/Mitochondrialog.txt or it is empty
Cannot see: ../210927_mutrange2/intermediate_video_all_25.mp4/Mitochondrialog.txt or it is empty
Cannot see: ../210927_mutrange2/intermediate_video_all_22.mp4/Mitochondrialog.txt or it is empty
Cannot see: ../210927_mutrange2/processing/Mitochondrialog.txt or it is empty
path = ../210927_mutrange2/run0000/Mitochondrialog.txt;  seed = 1703.0;  rep = 19.0;  NDNA_MUT_LIFETIME = 1e-06;  
path = ../210927_mutrange2/run0001/Mitochondrialog.txt;  seed = 1703.0;  rep = 19.0;  NDNA_MUT_LIFETIME = 5e-06;  
path = ../210927_mutrange2/run0002/Mitochondrialog.txt;  seed = 1703.0;  rep = 19.0;  NDNA_MUT_LIFETIME = 1e-05;  
path = ../210927_mutrange2/run0003/Mitochondrialog.txt;  seed = 1703.0;  rep = 19.0;  NDNA_MUT_LIFETIME = 5e-05;  
path = ../210927_mutrange2/run0004/Mitochondrialog.txt;  seed = 9367.0;  rep = 19.0;  NDNA_MUT_LIFETIME = 1e-06;  
path = ../210927_mutrange2/run0005/Mitochondrialog.txt;  seed = 9367.0;  rep = 19.0;  NDNA_MUT_LIFETIME = 5e-06;  
path = ../210927_mutrange2/run0006/Mitochondrialog.txt;  seed = 9367.0;  rep = 19.0;  NDNA_MUT_LIFETIME = 1e-05;  
path = ../210927_mutrange2/run0007/Mitochondrialog.txt;  seed = 9367.0;  rep = 19.0;  NDNA_MUT_LIFETIME = 5e-05;  
path = ../210927_mutrange2/run0008/Mitochondrialog.txt;  seed = 6346.0;  rep = 19.0;  NDNA_MUT_LIFETIME = 1e-06;  
path = ../210927_mutrange2/run0009/Mitochondrialog.txt;  seed = 6346.0;  rep = 19.0;  NDNA_MUT_LIFETIME = 5e-06;  
path = ../210927_mutrange2/run0010/Mitochondrialog.txt;  seed = 6346.0;  rep = 19.0;  NDNA_MUT_LIFETIME = 1e-05;  
path = ../210927_mutrange2/run0011/Mitochondrialog.txt;  seed = 6346.0;  rep = 19.0;  NDNA_MUT_LIFETIME = 5e-05;  
path = ../210927_mutrange2/run0012/Mitochondrialog.txt;  seed = 858.0;  rep = 19.0;  NDNA_MUT_LIFETIME = 1e-06;  
path = ../210927_mutrange2/run0013/Mitochondrialog.txt;  seed = 858.0;  rep = 19.0;  NDNA_MUT_LIFETIME = 5e-06;  
path = ../210927_mutrange2/run0014/Mitochondrialog.txt;  seed = 858.0;  rep = 19.0;  NDNA_MUT_LIFETIME = 1e-05;  
path = ../210927_mutrange2/run0015/Mitochondrialog.txt;  seed = 858.0;  rep = 19.0;  NDNA_MUT_LIFETIME = 5e-05;  
path = ../210927_mutrange2/run0016/Mitochondrialog.txt;  seed = 974.0;  rep = 19.0;  NDNA_MUT_LIFETIME = 1e-06;  
path = ../210927_mutrange2/run0017/Mitochondrialog.txt;  seed = 974.0;  rep = 19.0;  NDNA_MUT_LIFETIME = 5e-06;  
path = ../210927_mutrange2/run0018/Mitochondrialog.txt;  seed = 974.0;  rep = 19.0;  NDNA_MUT_LIFETIME = 1e-05;  
path = ../210927_mutrange2/run0019/Mitochondrialog.txt;  seed = 974.0;  rep = 19.0;  NDNA_MUT_LIFETIME = 5e-05;  
path = ../210927_mutrange2/run0020/Mitochondrialog.txt;  seed = 580.0;  rep = 19.0;  NDNA_MUT_LIFETIME = 1e-06;  
path = ../210927_mutrange2/run0021/Mitochondrialog.txt;  seed = 580.0;  rep = 19.0;  NDNA_MUT_LIFETIME = 5e-06;  
path = ../210927_mutrange2/run0022/Mitochondrialog.txt;  seed = 580.0;  rep = 19.0;  NDNA_MUT_LIFETIME = 1e-05;  
path = ../210927_mutrange2/run0023/Mitochondrialog.txt;  seed = 580.0;  rep = 19.0;  NDNA_MUT_LIFETIME = 5e-05;  
path = ../210927_mutrange2/run0024/Mitochondrialog.txt;  seed = 400.0;  rep = 19.0;  NDNA_MUT_LIFETIME = 1e-06;  
path = ../210927_mutrange2/run0025/Mitochondrialog.txt;  seed = 400.0;  rep = 19.0;  NDNA_MUT_LIFETIME = 5e-06;  
path = ../210927_mutrange2/run0026/Mitochondrialog.txt;  seed = 400.0;  rep = 19.0;  NDNA_MUT_LIFETIME = 1e-05;  
path = ../210927_mutrange2/run0027/Mitochondrialog.txt;  seed = 400.0;  rep = 19.0;  NDNA_MUT_LIFETIME = 5e-05;  
path = ../210927_mutrange2/run0028/Mitochondrialog.txt;  seed = 364.0;  rep = 19.0;  NDNA_MUT_LIFETIME = 1e-06;  
path = ../210927_mutrange2/run0029/Mitochondrialog.txt;  seed = 364.0;  rep = 19.0;  NDNA_MUT_LIFETIME = 5e-06;  
path = ../210927_mutrange2/run0030/Mitochondrialog.txt;  seed = 364.0;  rep = 19.0;  NDNA_MUT_LIFETIME = 1e-05;  
path = ../210927_mutrange2/run0031/Mitochondrialog.txt;  seed = 364.0;  rep = 19.0;  NDNA_MUT_LIFETIME = 5e-05;  
../210927_mutrange2/run0000
         type    time   vol  total_vol     id  mito_vol
2677     host    1010  1156       3550      1      2394
2678     host    1010   383       3237      2      2854
2679     host    1010  1657       3022      3      1365
2680     host    1010  1130       2988      4      1858
2681     host    1010  1745       5156      5      3411
...       ...     ...   ...        ...    ...       ...
2930311  host  449100  2516       5528  58651      3012
2930312  host  449100   879       4223  59360      3344
2930313  host  449100  2780       9970  60432      7190
2930314  host  449100  3688       9354  62383      5666
2930315  host  449100  1621       3048  65138      1427

[2927639 rows x 6 columns]
../210927_mutrange2/run0001
         type    time   vol  total_vol     id  mito_vol
2561     host    1010  1531       4082      1      2551
2562     host    1010  1264       4584      2      3320
2563     host    1010  1312       2812      3      1500
2564     host    1010  1107       3317      4      2210
2565     host    1010   924       3040      5      2116
...       ...     ...   ...        ...    ...       ...
3384008  host  495300   881       1661  64089       780
3384009  host  495300  4983       7154  64301      2171
3384010  host  495300  2790       5837  64585      3047
3384011  host  495300  2562       2927  64826       365
3384012  host  495300  2752       3736  65491       984

[3381452 rows x 6 columns]
../210927_mutrange2/run0002
         type    time   vol  total_vol     id  mito_vol
2612     host    1010  1593       3604      1      2011
2613     host    1010   439       3782      2      3343
2614     host    1010  1521       5873      3      4352
2615     host    1010  1215       5473      4      4258
2616     host    1010   768       4743      5      3975
...       ...     ...   ...        ...    ...       ...
3601028  host  599990   507       1772  64503      1265
3601029  host  599990  2185       4787  64512      2602
3601030  host  599990  1467       2585  65049      1118
3601031  host  599990  2662       5016  65490      2354
3601032  host  599990   185        185  65497         0

[3598421 rows x 6 columns]
../210927_mutrange2/run0003
      type  time   vol  total_vol    id  mito_vol
2265  host  1010  1721       5364     1      3643
2266  host  1010   982       6141     3      5159
2267  host  1010  1655       6338     4      4683
2268  host  1010  1026       3565     5      2539
2269  host  1010  1456       5440     6      3984
...    ...   ...   ...        ...   ...       ...
5462  host  4840   213        213  3794         0
5463  host  4850   158        158  3794         0
5464  host  4860   117        117  3794         0
5465  host  4870    67         67  3794         0
5466  host  4880    21         21  3794         0

[3202 rows x 6 columns]
../210927_mutrange2/run0004
         type    time   vol  total_vol     id  mito_vol
3030     host    1010   961       3709      1      2748
3031     host    1010  1487       4573      2      3086
3032     host    1010  1803       4966      3      3163
3033     host    1010  1760       4778      4      3018
3034     host    1010   784       2793      5      2009
...       ...     ...   ...        ...    ...       ...
2657676  host  402000  1539       1539  52746         0
2657677  host  402000  1929       4006  57160      2077
2657678  host  402000   536       2169  58354      1633
2657679  host  402000  3600       7743  61472      4143
2657680  host  402000  2485       3444  62174       959

[2654651 rows x 6 columns]
../210927_mutrange2/run0005
         type    time   vol  total_vol     id  mito_vol
3054     host    1010   714       3746      1      3032
3055     host    1010  1329       5051      2      3722
3056     host    1010  1880       5215      3      3335
3057     host    1010  1628       4735      4      3107
3058     host    1010  1132       3112      5      1980
...       ...     ...   ...        ...    ...       ...
2935724  host  487200  1270       5311  42045      4041
2935725  host  487200  2935       3904  42205       969
2935726  host  487200  2894       3934  42268      1040
2935727  host  487200  4003       5763  42377      1760
2935728  host  487200  1276       3287  60943      2011

[2932675 rows x 6 columns]
../210927_mutrange2/run0006
         type    time   vol  total_vol     id  mito_vol
2690     host    1010   600       4319      1      3719
2691     host    1010  1391       4466      2      3075
2692     host    1010  1804       4761      3      2957
2693     host    1010  1695       4375      4      2680
2694     host    1010  1387       4332      5      2945
...       ...     ...   ...        ...    ...       ...
1458838  host  281000   251        293  52192        42
1458839  host  281010   187        187  52192         0
1458840  host  281020   142        142  52192         0
1458841  host  281030    82         82  52192         0
1458842  host  281040    34         34  52192         0

[1456153 rows x 6 columns]
../210927_mutrange2/run0007
      type  time   vol  total_vol  id  mito_vol
2620  host  1010   873       4773   1      3900
2621  host  1010  1381       4435   2      3054
2622  host  1010   485       2453   3      1968
2623  host  1010  1768       5296   4      3528
2624  host  1010   892       2719   5      1827
...    ...   ...   ...        ...  ..       ...
6187  host  3920   233        233  12         0
6188  host  3930   186        186  12         0
6189  host  3940   139        139  12         0
6190  host  3950    91         91  12         0
6191  host  3960    41         41  12         0

[3572 rows x 6 columns]
../210927_mutrange2/run0008
         type    time   vol  total_vol     id  mito_vol
2883     host    1010   829       2114      1      1285
2884     host    1010  1185       3453      2      2268
2885     host    1010  1000       3420      3      2420
2886     host    1010  1972       5031      4      3059
2887     host    1010  1655       3318      5      1663
...       ...     ...   ...        ...    ...       ...
2704837  host  390900  2339       6592  36046      4253
2704838  host  390900  2355       7919  38772      5564
2704839  host  390900  1138       5697  56576      4559
2704840  host  390900  1344       4932  61518      3588
2704841  host  390900   936       2324  63883      1388

[2701959 rows x 6 columns]
../210927_mutrange2/run0009
         type    time   vol  total_vol     id  mito_vol
2612     host    1010  1576       3544      1      1968
2613     host    1010   898       3662      2      2764
2614     host    1010   845       2610      3      1765
2615     host    1010  1660       5466      4      3806
2616     host    1010  1017       2417      5      1400
...       ...     ...   ...        ...    ...       ...
3264614  host  495600   456        456  57936         0
3264615  host  495600  3103       4773  58764      1670
3264616  host  495600  2921       3678  59179       757
3264617  host  495600  3195       4517  59582      1322
3264618  host  495600  1115       3058  64919      1943

[3262007 rows x 6 columns]
../210927_mutrange2/run0010
         type    time   vol  total_vol     id  mito_vol
2705     host    1010   674       3753      1      3079
2706     host    1010   937       3481      2      2544
2707     host    1010  1661       4092      3      2431
2708     host    1010   931       2988      4      2057
2709     host    1010   546       1994      5      1448
...       ...     ...   ...        ...    ...       ...
3294397  host  599990  1164       1327  58192       163
3294398  host  599990   970       4994  58766      4024
3294399  host  599990  1778       4924  58807      3146
3294400  host  599990  2246       4668  58842      2422
3294401  host  599990  1449       2665  59177      1216

[3291697 rows x 6 columns]
../210927_mutrange2/run0011
      type  time   vol  total_vol   id  mito_vol
2466  host  1010   825       2348    1      1523
2467  host  1010   678       3403    2      2725
2468  host  1010  1058       3163    3      2105
2469  host  1010   527       2701    4      2174
2470  host  1010  1265       3074    5      1809
...    ...   ...   ...        ...  ...       ...
4887  host  3220   203        203  763         0
4888  host  3230   150        150  763         0
4889  host  3240    97         97  763         0
4890  host  3250    50         50  763         0
4891  host  3260     5          5  763         0

[2426 rows x 6 columns]
../210927_mutrange2/run0012
         type    time   vol  total_vol     id  mito_vol
3008     host    1010  1315       4668      1      3353
3009     host    1010   462       2350      2      1888
3010     host    1010   829       3042      3      2213
3011     host    1010  1433       4262      4      2829
3012     host    1010   656       3530      5      2874
...       ...     ...   ...        ...    ...       ...
2396425  host  395400   880       4835  56428      3955
2396426  host  395400  1929       3935  58997      2006
2396427  host  395400  2526      10704  61423      8178
2396428  host  395400   315       1169  63018       854
2396429  host  395400  2003       5017  64137      3014

[2393422 rows x 6 columns]
../210927_mutrange2/run0013
         type    time   vol  total_vol     id  mito_vol
3018     host    1010  1120       3812      1      2692
3019     host    1010   621       2771      2      2150
3020     host    1010  1049       3122      3      2073
3021     host    1010  1666       5379      4      3713
3022     host    1010   796       2925      5      2129
...       ...     ...   ...        ...    ...       ...
3837721  host  513600  1364       2800  36376      1436
3837722  host  513600  2142       3517  36639      1375
3837723  host  513600  1311       5311  37219      4000
3837724  host  513600   485       4567  53846      4082
3837725  host  513600   516       5306  61110      4790

[3834708 rows x 6 columns]
../210927_mutrange2/run0014
         type    time   vol  total_vol     id  mito_vol
3009     host    1010  1360       3850      1      2490
3010     host    1010   742       2638      2      1896
3011     host    1010  1441       4307      3      2866
3012     host    1010   595       2859      4      2264
3013     host    1010   898       3562      5      2664
...       ...     ...   ...        ...    ...       ...
3186425  host  599990   909       3408  64823      2499
3186426  host  599990  1088       1088  64933         0
3186427  host  599990  2454       4649  64988      2195
3186428  host  599990  2909       6421  65031      3512
3186429  host  599990  2378       3705  65077      1327

[3183421 rows x 6 columns]
../210927_mutrange2/run0015
      type  time   vol  total_vol    id  mito_vol
2504  host  1010  1224       6973     1      5749
2505  host  1010  1420       6386     2      4966
2506  host  1010   559       4123     3      3564
2507  host  1010   580       4473     4      3893
2508  host  1010  1689       5594     5      3905
...    ...   ...   ...        ...   ...       ...
5555  host  3720   201        201  3865         0
5556  host  3730   151        151  3865         0
5557  host  3740   104        104  3865         0
5558  host  3750    62         62  3865         0
5559  host  3760    19         19  3865         0

[3056 rows x 6 columns]
../210927_mutrange2/run0016
         type    time   vol  total_vol     id  mito_vol
3062     host    1010  1115       2505      1      1390
3063     host    1010   440       3033      2      2593
3064     host    1010  1493       3290      3      1797
3065     host    1010  1187       2276      4      1089
3066     host    1010  1387       2965      5      1578
...       ...     ...   ...        ...    ...       ...
2982487  host  422700   281       1343  64401      1062
2982488  host  422700  3244       5800  64450      2556
2982489  host  422700  3225       7994  64955      4769
2982490  host  422700  2698       6846  65157      4148
2982491  host  422700  1952       5182  65397      3230

[2979430 rows x 6 columns]
../210927_mutrange2/run0017
         type    time   vol  total_vol     id  mito_vol
2996     host    1010  1807       4965      1      3158
2997     host    1010  1853       5549      2      3696
2998     host    1010  1508       3422      3      1914
2999     host    1010  1307       2424      4      1117
3000     host    1010  1884       3620      5      1736
...       ...     ...   ...        ...    ...       ...
3108441  host  461700  2516       3347  60598       831
3108442  host  461700  2190       2573  60679       383
3108443  host  461700  2135       5459  61103      3324
3108444  host  461700  2093       3148  61403      1055
3108445  host  461700  3002       5461  61668      2459

[3105450 rows x 6 columns]
../210927_mutrange2/run0018
         type    time   vol  total_vol     id  mito_vol
3007     host    1010  1759       3161      1      1402
3008     host    1010  1192       3433      2      2241
3009     host    1010   865       2728      3      1863
3010     host    1010  1350       2413      4      1063
3011     host    1010  1483       2792      5      1309
...       ...     ...   ...        ...    ...       ...
3322476  host  599990  2605       3602  62885       997
3322477  host  599990  2403       3683  63675      1280
3322478  host  599990  2532       5203  64697      2671
3322479  host  599990  2298       5480  64816      3182
3322480  host  599990  3280       5628  65166      2348

[3319474 rows x 6 columns]
../210927_mutrange2/run0019
      type  time   vol  total_vol    id  mito_vol
2320  host  1010   848       3216     1      2368
2321  host  1010   421       2494     2      2073
2322  host  1010   706       4262     3      3556
2323  host  1010  1892       4247     4      2355
2324  host  1010  1366       2995     5      1629
...    ...   ...   ...        ...   ...       ...
4531  host  2200   215        215  1643         0
4532  host  2210   168        168  1643         0
4533  host  2220   126        126  1643         0
4534  host  2230    67         67  1643         0
4535  host  2240    22         22  1643         0

[2216 rows x 6 columns]
../210927_mutrange2/run0020
         type    time   vol  total_vol     id  mito_vol
2523     host    1010   517       2521      2      2004
2524     host    1010   952       3327      3      2375
2525     host    1010   743       3515      4      2772
2526     host    1010  1625       5781      5      4156
2527     host    1010  1610       3721      6      2111
...       ...     ...   ...        ...    ...       ...
2798499  host  394800  1066       2506  58189      1440
2798500  host  394800  1523       4637  61371      3114
2798501  host  394800  1937      11425  61416      9488
2798502  host  394800  1896       5748  63482      3852
2798503  host  394800  4009       8644  64212      4635

[2795981 rows x 6 columns]
../210927_mutrange2/run0021
         type    time   vol  total_vol     id  mito_vol
2575     host    1010   371       2697      1      2326
2576     host    1010   544       2777      2      2233
2577     host    1010   865       5068      3      4203
2578     host    1010   704       3445      4      2741
2579     host    1010  1628       5429      5      3801
...       ...     ...   ...        ...    ...       ...
3360570  host  487200  2575       7079  63569      4504
3360571  host  487200  2896       4370  64095      1474
3360572  host  487200  1316       3735  64399      2419
3360573  host  487200  4564       7653  64674      3089
3360574  host  487200  1656       1885  65458       229

[3358000 rows x 6 columns]
../210927_mutrange2/run0022
         type    time   vol  total_vol     id  mito_vol
2487     host    1010   408       3240      1      2832
2488     host    1010   584       2571      2      1987
2489     host    1010  1054       2747      3      1693
2490     host    1010   875       3430      4      2555
2491     host    1010   614       6122      5      5508
...       ...     ...   ...        ...    ...       ...
3428042  host  599990  2389       4081  58029      1692
3428043  host  599990  3239       5383  58044      2144
3428044  host  599990  2877       3365  58329       488
3428045  host  599990  3107       3179  58595        72
3428046  host  599990  3245       3686  58600       441

[3425560 rows x 6 columns]
../210927_mutrange2/run0023
      type  time   vol  total_vol  id  mito_vol
2118  host  1010   371       2787   1      2416
2119  host  1010   561       2438   2      1877
2120  host  1010  1416       6136   3      4720
2121  host  1010   830       3558   4      2728
2122  host  1010   400       3199   5      2799
...    ...   ...   ...        ...  ..       ...
3807  host  1980   235        235  10         0
3808  host  1990   187        187  10         0
3809  host  2000   141        141  10         0
3810  host  2010    84         84  10         0
3811  host  2020    37         37  10         0

[1694 rows x 6 columns]
../210927_mutrange2/run0024
         type    time   vol  total_vol     id  mito_vol
3148     host    1010   683       3007      1      2324
3149     host    1010  1974       4609      2      2635
3150     host    1010   620       2763      3      2143
3151     host    1010   941       2759      4      1818
3152     host    1010   826       3330      5      2504
...       ...     ...   ...        ...    ...       ...
2926480  host  405300  1039       6484  57685      5445
2926481  host  405300  1765       6081  61118      4316
2926482  host  405300   958       4129  63581      3171
2926483  host  405300  3760       6669  65007      2909
2926484  host  405300   330        330  65060         0

[2923337 rows x 6 columns]
../210927_mutrange2/run0025
         type    time   vol  total_vol     id  mito_vol
3097     host    1010   726       2830      1      2104
3098     host    1010  1905       4897      2      2992
3099     host    1010   530       2807      3      2277
3100     host    1010  1125       3372      4      2247
3101     host    1010   695       3142      5      2447
...       ...     ...   ...        ...    ...       ...
3311230  host  492900   904       5088  39236      4184
3311231  host  492900  2155       3337  39464      1182
3311232  host  492900  2573       4684  39499      2111
3311233  host  492900  3174       5208  44297      2034
3311234  host  492900   598       7611  60840      7013

[3308138 rows x 6 columns]
../210927_mutrange2/run0026
         type    time   vol  total_vol     id  mito_vol
3122     host    1010  1162       3246      1      2084
3123     host    1010  1093       3873      2      2780
3124     host    1010   814       2510      3      1696
3125     host    1010  1844       6639      4      4795
3126     host    1010   425       3292      5      2867
...       ...     ...   ...        ...    ...       ...
3555651  host  599990  1333       3034  62467      1701
3555652  host  599990  2608       5603  64060      2995
3555653  host  599990  3897       7814  64453      3917
3555654  host  599990  3037       4271  65078      1234
3555655  host  599990  1535       3648  65113      2113

[3552534 rows x 6 columns]
../210927_mutrange2/run0027
      type  time   vol  total_vol   id  mito_vol
2623  host  1010  1010       4349    1      3339
2624  host  1010   963       3782    2      2819
2625  host  1010   329       1349    3      1020
2626  host  1010   465       3043    4      2578
2627  host  1010   531       3056    5      2525
...    ...   ...   ...        ...  ...       ...
5506  host  2190   201        201  568         0
5507  host  2200   149        149  568         0
5508  host  2210   110        110  568         0
5509  host  2220    56         56  568         0
5510  host  2230    16         16  568         0

[2888 rows x 6 columns]
../210927_mutrange2/run0028
         type    time   vol  total_vol     id  mito_vol
2854     host    1010  1007       3826      1      2819
2855     host    1010  1983       6535      2      4552
2856     host    1010   629       3507      3      2878
2857     host    1010   757       3493      4      2736
2858     host    1010  1185       4764      5      3579
...       ...     ...   ...        ...    ...       ...
2583030  host  366600  1103       3676  57078      2573
2583031  host  366600  2180       5105  61651      2925
2583032  host  366600  1285       3874  62441      2589
2583033  host  366600  3912       7821  62478      3909
2583034  host  366600  2857       6471  64759      3614

[2580181 rows x 6 columns]
../210927_mutrange2/run0029
         type    time   vol  total_vol     id  mito_vol
2845     host    1010  1035       3486      1      2451
2846     host    1010   460       2720      2      2260
2847     host    1010  1671       6290      3      4619
2848     host    1010   585       3479      4      2894
2849     host    1010  1639       4547      5      2908
...       ...     ...   ...        ...    ...       ...
3583452  host  504900  1554       2690  32896      1136
3583453  host  504900  1864       5032  51876      3168
3583454  host  504900  3503       5052  55481      1549
3583455  host  504900  1891       4962  56492      3071
3583456  host  504900  3665       9377  63587      5712

[3580612 rows x 6 columns]
../210927_mutrange2/run0030
         type    time   vol  total_vol     id  mito_vol
2773     host    1010  1117       3724      1      2607
2774     host    1010   582       3053      2      2471
2775     host    1010   619       3337      3      2718
2776     host    1010   811       3550      4      2739
2777     host    1010   679       3903      5      3224
...       ...     ...   ...        ...    ...       ...
3475932  host  599990  1936       3199  21801      1263
3475933  host  599990  2197       3602  21867      1405
3475934  host  599990  2239       3312  21937      1073
3475935  host  599990  3291       4496  22017      1205
3475936  host  599990  1067       3602  22044      2535

[3473164 rows x 6 columns]
../210927_mutrange2/run0031
      type  time  vol  total_vol    id  mito_vol
2484  host  1010  408       3273     1      2865
2485  host  1010  514       3495     2      2981
2486  host  1010  495       2536     3      2041
2487  host  1010  702       3939     4      3237
2488  host  1010  338        338     5         0
...    ...   ...  ...        ...   ...       ...
5657  host  3450  195        195  1214         0
5658  host  3460  148        148  1214         0
5659  host  3470   90         90  1214         0
5660  host  3480   58         58  1214         0
5661  host  3490   10         10  1214         0

[3178 rows x 6 columns]
